<?xml version="1.0" encoding="UTF-8"?>
<!-- Generated by org.testng.reporters.JUnitReportReporter -->
<testsuite skipped="0" hostname="LAPTOP-CS73LPRG" name="com.reSonance.regression.TestForPage" tests="1" failures="0" timestamp="2022-05-18T17:52:56 IST" time="5.081" errors="0">
  <testcase name="verifyTitle" time="5.081" classname="com.reSonance.regression.TestForPage"/>
  <system-out/>
</testsuite> <!-- com.reSonance.regression.TestForPage -->
