<?xml version="1.0" encoding="UTF-8"?>
<!-- Generated by org.testng.reporters.JUnitReportReporter -->
<testsuite skipped="0" hostname="LAPTOP-CS73LPRG" name="com.reSonance.regression.RegressionTests" tests="1" failures="0" timestamp="2022-05-19T12:35:39 IST" time="14.857" errors="0">
  <testcase name="verifyTitleOfHomePage" time="14.857" classname="com.reSonance.regression.RegressionTests"/>
  <system-out/>
</testsuite> <!-- com.reSonance.regression.RegressionTests -->
